C51 COMPILER V9.60.0.0   INTERRUPTS                                                        09/23/2024 14:20:13 PAGE 1   


C51 COMPILER V9.60.0.0, COMPILATION OF MODULE INTERRUPTS
OBJECT MODULE PLACED IN .\src\Interrupts.OBJ
COMPILER INVOKED BY: C:\SiliconLabs\SimplicityStudio\v5\developer\toolchains\keil_8051\9.60\BIN\C51.exe C:\Users\hallgat
                    -o\Desktop\FodorT.FranciaCS.JK01.Display\src\Interrupts.c OMF2 SMALL DEBUG OBJECTEXTEND ROM(LARGE) WARNINGLEVEL(2) FLOATF
                    -UZZY(3) OPTIMIZE(8,SPEED) DEFINE(DEBUG=1) INTVECTOR(0X0000) INTPROMOTE INCDIR(C:\Users\hallgato\Desktop\FodorT.FranciaCS
                    -.JK01.Display\inc;C:/SiliconLabs/SimplicityStudio/v5/developer/sdks/8051/v4.2.5//Device/shared/si8051Base;C:/SiliconLabs
                    -/SimplicityStudio/v5/developer/sdks/8051/v4.2.5//Device/EFM8BB1/inc) PRINT(.\src\Interrupts.lst) COND PAGEWIDTH(120) PAG
                    -ELENGTH(65) OBJECT(.\src\Interrupts.OBJ)

line level    source

   1          //=========================================================
   2          // src/Interrupts.c: generated by Hardware Configurator
   3          //
   4          // This file will be regenerated when saving a document.
   5          // leave the sections inside the "$[...]" comment tags alone
   6          // or they will be overwritten!
   7          //=========================================================
   8          
   9          // USER INCLUDES
  10          #include <SI_EFM8BB1_Register_Enums.h>
  11          #include <Display.h>
  12          
  13          
  14          //-----------------------------------------------------------------------------
  15          // TIMER0_ISR
  16          //-----------------------------------------------------------------------------
  17          //
  18          // TIMER0 ISR Content goes here. Remember to clear flag bits:
  19          // TCON::TF0 (Timer 0 Overflow Flag)
  20          //
  21          //-----------------------------------------------------------------------------
  22          extern volatile uint8_t digit_array[4];
  23          extern volatile bool g_digits_ready;
  24          SI_INTERRUPT (TIMER0_ISR, TIMER0_IRQn)
  25          {
  26   1        static uint16_t timer_0_counter = 0U;
  27   1        static uint8_t current_digit;
  28   1        static uint8_t idx = 2;
  29   1      
  30   1        TCON_TF0 = 0;
  31   1      
  32   1        timer_0_counter++;
  33   1      
  34   1        if(timer_0_counter == 5 && g_digits_ready == true)
  35   1        {
  36   2            current_digit = digit_array[idx];
  37   2            select_display(idx);
  38   2            send_to_shift_register(current_digit);
  39   2            idx++;
  40   2            if(idx > 3)
  41   2            {
  42   3                idx = 2;
  43   3                g_digits_ready = false;
  44   3            }
  45   2            timer_0_counter = 0;
  46   2        }
  47   1      }
  48          


MODULE INFORMATION:   STATIC OVERLAYABLE
C51 COMPILER V9.60.0.0   INTERRUPTS                                                        09/23/2024 14:20:13 PAGE 2   

   CODE SIZE        =    120    ----
   CONSTANT SIZE    =   ----    ----
   XDATA SIZE       =   ----    ----
   PDATA SIZE       =   ----    ----
   DATA SIZE        =      4    ----
   IDATA SIZE       =   ----    ----
   BIT SIZE         =   ----    ----
   EDATA SIZE       =   ----    ----
   HDATA SIZE       =   ----    ----
   XDATA CONST SIZE =   ----    ----
   FAR CONST SIZE   =   ----    ----
END OF MODULE INFORMATION.


C51 COMPILATION COMPLETE.  0 WARNING(S),  0 ERROR(S)
