C51 COMPILER V9.60.0.0   MAIN                                                              09/23/2024 14:20:13 PAGE 1   


C51 COMPILER V9.60.0.0, COMPILATION OF MODULE MAIN
OBJECT MODULE PLACED IN .\src\main.OBJ
COMPILER INVOKED BY: C:\SiliconLabs\SimplicityStudio\v5\developer\toolchains\keil_8051\9.60\BIN\C51.exe C:\Users\hallgat
                    -o\Desktop\FodorT.FranciaCS.JK01.Display\src\main.c OMF2 SMALL DEBUG OBJECTEXTEND ROM(LARGE) WARNINGLEVEL(2) FLOATFUZZY(3
                    -) OPTIMIZE(8,SPEED) DEFINE(DEBUG=1) INTVECTOR(0X0000) INTPROMOTE INCDIR(C:\Users\hallgato\Desktop\FodorT.FranciaCS.JK01.
                    -Display\inc;C:/SiliconLabs/SimplicityStudio/v5/developer/sdks/8051/v4.2.5//Device/shared/si8051Base;C:/SiliconLabs/Simpl
                    -icityStudio/v5/developer/sdks/8051/v4.2.5//Device/EFM8BB1/inc) PRINT(.\src\main.lst) COND PAGEWIDTH(120) PAGELENGTH(65) 
                    -OBJECT(.\src\main.OBJ)

line level    source

   1          //=========================================================
   2          // src/FodorTFranciaCS.JK01.Display_main.c: generated by Hardware Configurator
   3          //
   4          // This file will be updated when saving a document.
   5          // leave the sections inside the "$[...]" comment tags alone
   6          // or they will be overwritten!!
   7          //=========================================================
   8          
   9          //-----------------------------------------------------------------------------
  10          // Includes
  11          //-----------------------------------------------------------------------------
  12          #include <SI_EFM8BB1_Register_Enums.h>                  // SFR declarations
  13          #include "InitDevice.h"
  14          #include "Display.h"
  15          // $[Generated Includes]
  16          // [Generated Includes]$
  17          
  18          static uint16_t number = 12U;
  19          volatile uint8_t digit_array[4];
  20          volatile bool g_digits_ready = false;
  21          
  22          void SiLabs_Startup (void)
  23          {
  24   1        // $[SiLabs Startup]
  25   1        // [SiLabs Startup]$
  26   1      }
  27          
  28          //-----------------------------------------------------------------------------
  29          // main() Routine
  30          // ----------------------------------------------------------------------------
  31          int main (void)
  32          {
  33   1        // Call hardware initialization routine
  34   1        enter_DefaultMode_from_RESET();
  35   1      
  36   1        IE_EA = 0;
  37   1        decoder_init();
  38   1        shift_register_init();
  39   1        IE_EA = 1;
  40   1      
  41   1        while (1) 
  42   1        {
  43   2            if(g_digits_ready == false)
  44   2            {
  45   3                get_digits_of_number(number, digit_array);
  46   3                g_digits_ready = true;
  47   3            }
  48   2      
  49   2        }                             
  50   1      }
  51          
C51 COMPILER V9.60.0.0   MAIN                                                              09/23/2024 14:20:13 PAGE 2   



MODULE INFORMATION:   STATIC OVERLAYABLE
   CODE SIZE        =     34    ----
   CONSTANT SIZE    =   ----    ----
   XDATA SIZE       =   ----    ----
   PDATA SIZE       =   ----    ----
   DATA SIZE        =      6    ----
   IDATA SIZE       =   ----    ----
   BIT SIZE         =      1    ----
   EDATA SIZE       =   ----    ----
   HDATA SIZE       =   ----    ----
   XDATA CONST SIZE =   ----    ----
   FAR CONST SIZE   =   ----    ----
END OF MODULE INFORMATION.


C51 COMPILATION COMPLETE.  0 WARNING(S),  0 ERROR(S)
