C51 COMPILER V9.60.0.0   DISPLAY                                                           09/26/2024 14:37:21 PAGE 1   


C51 COMPILER V9.60.0.0, COMPILATION OF MODULE DISPLAY
OBJECT MODULE PLACED IN .\src\Display.OBJ
COMPILER INVOKED BY: C:\SiliconLabs\SimplicityStudio\v5\developer\toolchains\keil_8051\9.60\BIN\C51.exe C:\Users\Teodor\
                    -Desktop\FodorT.FranciaCS.JK01\src\Display.c OMF2 SMALL DEBUG OBJECTEXTEND ROM(LARGE) WARNINGLEVEL(2) FLOATFUZZY(3) OPTIM
                    -IZE(8,SPEED) DEFINE(DEBUG=1) INTVECTOR(0X0000) INTPROMOTE INCDIR(C:\Users\Teodor\Desktop\FodorT.FranciaCS.JK01\inc;C:/Si
                    -liconLabs/SimplicityStudio/v5/developer/sdks/8051/v4.2.5//Device/shared/si8051Base;C:/SiliconLabs/SimplicityStudio/v5/de
                    -veloper/sdks/8051/v4.2.5//Device/EFM8BB1/inc) PRINT(.\src\Display.lst) COND PAGEWIDTH(120) PAGELENGTH(65) OBJECT(.\src\D
                    -isplay.OBJ)

line level    source

   1          #include <SI_EFM8BB1_Register_Enums.h>
   2          
   3          #include "Display.h"
   4          
   5          #define DECODER_A P1_B1
   6          #define DECODER_B P1_B2
   7          #define DECODER_C P0_B4
   8          
   9          void decoder_init(void)
  10          {
  11   1      
  12   1        /* Setting the pins to outputmode "push-pull" */
  13   1        P1MDOUT |= (1U << P0MDOUT_B1__SHIFT);
  14   1        P1MDOUT |= (1U << P0MDOUT_B2__SHIFT);
  15   1        P0MDOUT |= (1U << P0MDOUT_B4__SHIFT);
  16   1      
  17   1        DECODER_A = 0;
  18   1        DECODER_B = 0;
  19   1        DECODER_C = 0;
  20   1      }
  21          
  22          static const uint8_t BCD_CODES[11] = {
  23                0x3F, // 0
  24                0x06, // 1
  25                0x5B, // 2
  26                0x4F, // 3
  27                0x66, // 4
  28                0x6D, // 5
  29                0x7D, // 6
  30                0x07, // 7
  31                0x7F, // 8
  32                0x6F, // 9
  33          };
  34          
  35          #define DISP_CLK P0_B0
  36          #define DISP_DATA P0_B2
  37          #define DISP_OE_RCLK P0_B3
  38          
  39          void shift_register_init(void)
  40          {
  41   1        /* Setting the pins to outputmode "push-pull" */
  42   1        P0MDOUT |= (1U << P0MDOUT_B0__SHIFT);
  43   1        P0MDOUT |= (1U << P0MDOUT_B2__SHIFT);
  44   1        P0MDOUT |= (1U << P0MDOUT_B3__SHIFT);
  45   1      
  46   1        DISP_CLK = 0;
  47   1        DISP_DATA = 0;
  48   1        DISP_OE_RCLK = 1;
  49   1      }
  50          
  51          void select_display(uint8_t display_idx)
C51 COMPILER V9.60.0.0   DISPLAY                                                           09/26/2024 14:37:21 PAGE 2   

  52          {
  53   1          switch(display_idx)
  54   1          {
  55   2            case 0:
  56   2            {
  57   3              DECODER_A = 0;
  58   3              DECODER_B = 0;
  59   3              break;
  60   3            }
  61   2            case 1:
  62   2            {
  63   3              DECODER_A = 1;
  64   3              DECODER_B = 0;
  65   3              break;
  66   3            }
  67   2            case 2:
  68   2            {
  69   3              DECODER_A = 0;
  70   3              DECODER_B = 1;
  71   3              break;
  72   3            }
  73   2            case 3:
  74   2            {
  75   3              DECODER_A = 1;
  76   3              DECODER_B = 1;
  77   3              break;
  78   3            }
  79   2          }
  80   1      }
  81          
  82          
  83          
  84          
  85          void send_to_shift_register (uint8_t value)
  86          {
  87   1        uint8_t idx;
  88   1        uint8_t bcd_code = BCD_CODES[value];
  89   1        for (idx = 0; idx < 8; idx++)
  90   1         {
  91   2              DISP_DATA = ((~(bcd_code) >> (7 - idx)) & 1U); //getting the bits 1-by-1 from THE MSB
  92   2              DISP_CLK = 1; //rising edge
  93   2              DISP_CLK = 0;
  94   2          }
  95   1          //Creating a clock pulse on the output enable line
  96   1          DISP_OE_RCLK = 1; //rising edge for RCLK
  97   1          DISP_OE_RCLK = 0; //reset the data line
  98   1      }
  99          
 100          #define TEN_POW_3 ((uint16_t) 1000U)
 101          #define TEN_POW_2 ((uint16_t) 100U)
 102          #define TEN_POW_1 ((uint16_t) 10U)
 103          
 104          uint8_t get_digit_of_number(uint16_t number, uint8_t digit_index)
 105          {
 106   1          uint8_t value = 0U;
 107   1          switch (digit_index)
 108   1          {
 109   2            case 0:
 110   2            {
 111   3              value = ((uint8_t) (number / TEN_POW_3));
 112   3              break;
 113   3            }
 114   2            case 1:
C51 COMPILER V9.60.0.0   DISPLAY                                                           09/26/2024 14:37:21 PAGE 3   

 115   2            {
 116   3              value = ((uint8_t) ((number % TEN_POW_3) / TEN_POW_2));
 117   3              break;
 118   3            }
 119   2            case 2:
 120   2            {
 121   3              value = ((uint8_t) ((number % TEN_POW_2) / TEN_POW_1));
 122   3              break;
 123   3            }
 124   2            case 3:
 125   2            {
 126   3              value =  ((uint8_t) (number % TEN_POW_1));
 127   3              break;
 128   3            }
 129   2      
 130   2          }
 131   1      
 132   1          return value;
 133   1      }
 134          
 135          void get_digits_of_number(uint16_t number, uint8_t digit_array[4])
 136          {
 137   1        digit_array[3] = ((uint8_t) number % TEN_POW_1);
 138   1        number /= TEN_POW_1;
 139   1      
 140   1        digit_array[2] = ((uint8_t) number % TEN_POW_1);
 141   1        number /= TEN_POW_1;
 142   1      
 143   1        digit_array[1] = ((uint8_t) number % TEN_POW_1);
 144   1        number /= TEN_POW_1;
 145   1      
 146   1        digit_array[0] = ((uint8_t) number % TEN_POW_1);
 147   1      }
 148          
 149          
 150          
 151          


MODULE INFORMATION:   STATIC OVERLAYABLE
   CODE SIZE        =    327    ----
   CONSTANT SIZE    =   ----    ----
   XDATA SIZE       =   ----    ----
   PDATA SIZE       =   ----    ----
   DATA SIZE        =     11       5
   IDATA SIZE       =   ----    ----
   BIT SIZE         =   ----    ----
   EDATA SIZE       =   ----    ----
   HDATA SIZE       =   ----    ----
   XDATA CONST SIZE =   ----    ----
   FAR CONST SIZE   =   ----    ----
END OF MODULE INFORMATION.


C51 COMPILATION COMPLETE.  0 WARNING(S),  0 ERROR(S)
